

Microchip MPLAB XC8 Assembler V2.32 build 20210201212658 
                                                                                               Mon Mar 06 17:49:51 2023

Microchip MPLAB XC8 C Compiler v2.32 (Free license) build 20210201212658 Og1 
     1                           	processor	18F87K22
     2                           	fnconf	rparam,??,?,0
     3                           	pagewidth 120
     4                           	opt	flic
     5                           	psect	cinit,global,reloc=2,class=CODE,delta=1
     6                           	psect	cstackCOMRAM,global,class=COMRAM,space=1,delta=1,lowdata,noexec
     7                           	psect	text0,global,reloc=2,class=CODE,delta=1
     8                           	psect	text1,global,reloc=2,class=CODE,delta=1
     9                           	psect	text2,global,reloc=2,class=CODE,delta=1
    10                           	psect	text3,global,reloc=2,class=CODE,delta=1
    11                           	psect	text4,global,reloc=2,class=CODE,delta=1
    12                           	psect	text5,global,reloc=2,class=CODE,delta=1
    13                           	psect	text6,global,reloc=2,class=CODE,delta=1
    14                           	psect	intsave_regs,global,class=BIGRAM,space=1,delta=1,noexec
    15                           	psect	rparam,global,class=COMRAM,space=1,delta=1,noexec
    16                           	psect	idloc,global,abs,ovrld,class=IDLOC,space=5,delta=1,noexec
    17                           	psect	config,global,abs,ovrld,class=CONFIG,space=4,delta=1,noexec
    18  0000                     
    19                           ; Version 2.20
    20                           ; Generated 05/05/2020 GMT
    21                           ; 
    22                           ; Copyright © 2020, Microchip Technology Inc. and its subsidiaries ("Microchip")
    23                           ; All rights reserved.
    24                           ; 
    25                           ; This software is developed by Microchip Technology Inc. and its subsidiaries ("Microch
      +                          ip").
    26                           ; 
    27                           ; Redistribution and use in source and binary forms, with or without modification, are
    28                           ; permitted provided that the following conditions are met:
    29                           ; 
    30                           ;     1. Redistributions of source code must retain the above copyright notice, this lis
      +                          t of
    31                           ;        conditions and the following disclaimer.
    32                           ; 
    33                           ;     2. Redistributions in binary form must reproduce the above copyright notice, this 
      +                          list
    34                           ;        of conditions and the following disclaimer in the documentation and/or other
    35                           ;        materials provided with the distribution.
    36                           ; 
    37                           ;     3. Microchip's name may not be used to endorse or promote products derived from th
      +                          is
    38                           ;        software without specific prior written permission.
    39                           ; 
    40                           ; THIS SOFTWARE IS PROVIDED BY MICROCHIP "AS IS" AND ANY EXPRESS OR IMPLIED WARRANTIES,
    41                           ; INCLUDING, BUT NOT LIMITED TO, THE IMPLIED WARRANTIES OF MERCHANTABILITY AND FITNESS F
      +                          OR
    42                           ; PURPOSE ARE DISCLAIMED.  IN NO EVENT SHALL MICROCHIP BE LIABLE FOR ANY DIRECT, INDIREC
      +                          T,
    43                           ; INCIDENTAL, SPECIAL, EXEMPLARY, OR CONSEQUENTIAL DAMAGES (INCLUDING BUT NOT LIMITED TO
    44                           ; PROCUREMENT OF SUBSTITUTE GOODS OR SERVICES; LOSS OF USE, DATA OR PROFITS; OR BUSINESS
    45                           ; INTERRUPTION) HOWSOEVER CAUSED AND ON ANY THEORY OF LIABILITY, WHETHER IN CONTRACT, ST
      +                          RICT
    46                           ; LIABILITY, OR TORT (INCLUDING NEGLIGENCE OR OTHERWISE) ARISING IN ANY WAY OUT OF THE U
      +                          SE OF
    47                           ; THIS SOFTWARE, EVEN IF ADVISED OF THE POSSIBILITY OF SUCH DAMAGE.
    48                           ; 
    49                           ; 
    50                           ; Code-generator required, PIC18F87K22 Definitions
    51                           ; 
    52                           ; SFR Addresses
    53  0000                     _CCPTMRS0bits	set	3885
    54  0000                     _CCPR3L	set	3914
    55  0000                     _CCPR3H	set	3915
    56  0000                     _ECCP3DEL	set	3916
    57  0000                     _PSTR3CON	set	3866
    58  0000                     _ECCP3AS	set	3917
    59  0000                     _CCP3CON	set	3913
    60  0000                     _ANCON2	set	3875
    61  0000                     _ANCON1	set	3876
    62  0000                     _ANCON0	set	3877
    63  0000                     _REFOCON	set	3882
    64  0000                     _T2CONbits	set	4042
    65  0000                     _T2CON	set	4042
    66  0000                     _PIR1bits	set	3998
    67  0000                     _TMR2	set	4044
    68  0000                     _PR2	set	4043
    69  0000                     _INTCONbits	set	4082
    70  0000                     _TRISD	set	3989
    71  0000                     _TRISC	set	3988
    72  0000                     _TRISH	set	3993
    73  0000                     _TRISB	set	3987
    74  0000                     _TRISG	set	3992
    75  0000                     _TRISA	set	3986
    76  0000                     _TRISF	set	3991
    77  0000                     _TRISE	set	3990
    78  0000                     _LATH	set	3984
    79  0000                     _LATC	set	3979
    80  0000                     _LATG	set	3983
    81  0000                     _LATB	set	3978
    82  0000                     _LATF	set	3982
    83  0000                     _LATA	set	3977
    84  0000                     _LATD	set	3980
    85  0000                     _LATE	set	3981
    86  0000                     _OSCTUNE	set	3995
    87  0000                     _OSCCON2	set	3940
    88  0000                     _OSCCON	set	4051
    89                           
    90                           ; #config settings
    91                           
    92                           	psect	cinit
    93  01FE9A                     __pcinit:
    94                           	callstack 0
    95  01FE9A                     start_initialization:
    96                           	callstack 0
    97  01FE9A                     __initialization:
    98                           	callstack 0
    99  01FE9A                     end_of_initialization:
   100                           	callstack 0
   101  01FE9A                     __end_of__initialization:
   102                           	callstack 0
   103  01FE9A  0100               	movlb	0
   104  01FE9C  EFB5  F0FF         	goto	_main	;jump to C main() function
   105                           
   106                           	psect	cstackCOMRAM
   107  000001                     __pcstackCOMRAM:
   108                           	callstack 0
   109  000001                     EPWM3_LoadDutyValue@dutyValue:
   110                           	callstack 0
   111                           
   112                           ; 2 bytes @ 0x0
   113  000001                     	ds	2
   114  000003                     ??_EPWM3_LoadDutyValue:
   115                           
   116                           ; 1 bytes @ 0x2
   117  000003                     	ds	2
   118  000005                     ??_main:
   119                           
   120                           ; 1 bytes @ 0x4
   121  000005                     	ds	1
   122  000006                     main@flag:
   123                           	callstack 0
   124                           
   125                           ; 1 bytes @ 0x5
   126  000006                     	ds	1
   127  000007                     main@duty_cycle:
   128                           	callstack 0
   129                           
   130                           ; 2 bytes @ 0x6
   131  000007                     	ds	2
   132                           
   133 ;;
   134 ;;Main: autosize = 0, tempsize = 1, incstack = 0, save=0
   135 ;;
   136 ;; *************** function _main *****************
   137 ;; Defined at:
   138 ;;		line 54 in file "main.c"
   139 ;; Parameters:    Size  Location     Type
   140 ;;		None
   141 ;; Auto vars:     Size  Location     Type
   142 ;;  duty_cycle      2    6[COMRAM] volatile short 
   143 ;;  flag            1    5[COMRAM] volatile _Bool 
   144 ;; Return value:  Size  Location     Type
   145 ;;                  1    wreg      void 
   146 ;; Registers used:
   147 ;;		wreg, status,2, status,0, cstack
   148 ;; Tracked objects:
   149 ;;		On entry : 0/0
   150 ;;		On exit  : 0/0
   151 ;;		Unchanged: 0/0
   152 ;; Data sizes:     COMRAM   BANK0   BANK1   BANK2   BANK3   BANK4   BANK5   BANK6   BANK7   BANK8   BANK9  BANK10  BANK1
      +1  BANK12  BANK13  BANK14  BANK15
   153 ;;      Params:         0       0       0       0       0       0       0       0       0       0       0       0       
      +0       0       0       0       0
   154 ;;      Locals:         3       0       0       0       0       0       0       0       0       0       0       0       
      +0       0       0       0       0
   155 ;;      Temps:          1       0       0       0       0       0       0       0       0       0       0       0       
      +0       0       0       0       0
   156 ;;      Totals:         4       0       0       0       0       0       0       0       0       0       0       0       
      +0       0       0       0       0
   157 ;;Total ram usage:        4 bytes
   158 ;; Hardware stack levels required when called: 2
   159 ;; This function calls:
   160 ;;		_EPWM3_LoadDutyValue
   161 ;;		_SYSTEM_Initialize
   162 ;; This function is called by:
   163 ;;		Startup code after reset
   164 ;; This function uses a non-reentrant model
   165 ;;
   166                           
   167                           	psect	text0
   168  01FF6A                     __ptext0:
   169                           	callstack 0
   170  01FF6A                     _main:
   171                           	callstack 29
   172  01FF6A                     
   173                           ;main.c: 57:     SYSTEM_Initialize();
   174  01FF6A  EC57  F0FF         	call	_SYSTEM_Initialize	;wreg free
   175  01FF6E                     
   176                           ;main.c: 74:     volatile int16_t duty_cycle = 0;
   177  01FF6E  0E00               	movlw	0
   178  01FF70  6E08               	movwf	(main@duty_cycle+1)^0,c	;volatile
   179  01FF72  0E00               	movlw	0
   180  01FF74  6E07               	movwf	main@duty_cycle^0,c	;volatile
   181  01FF76                     l887:
   182                           
   183                           ;main.c: 77:     {;main.c: 78:         if(flag)
   184  01FF76  5006               	movf	main@flag^0,w,c	;volatile
   185  01FF78  B4D8               	btfsc	status,2,c
   186  01FF7A  EFC1  F0FF         	goto	u61
   187  01FF7E  EFC3  F0FF         	goto	u60
   188  01FF82                     u61:
   189  01FF82  EFCB  F0FF         	goto	l893
   190  01FF86                     u60:
   191  01FF86                     
   192                           ;main.c: 79:         {;main.c: 80:             flag = 0;
   193  01FF86  0E00               	movlw	0
   194  01FF88  6E06               	movwf	main@flag^0,c	;volatile
   195  01FF8A                     
   196                           ;main.c: 81:             EPWM3_LoadDutyValue(duty_cycle);
   197  01FF8A  C007  F001         	movff	main@duty_cycle,EPWM3_LoadDutyValue@dutyValue	;volatile
   198  01FF8E  C008  F002         	movff	main@duty_cycle+1,EPWM3_LoadDutyValue@dutyValue+1	;volatile
   199  01FF92  EC7A  F0FF         	call	_EPWM3_LoadDutyValue	;wreg free
   200  01FF96                     l893:
   201                           
   202                           ;main.c: 84:         for(duty_cycle=0;duty_cycle<=89;duty_cycle++)
   203  01FF96  0E00               	movlw	0
   204  01FF98  6E08               	movwf	(main@duty_cycle+1)^0,c	;volatile
   205  01FF9A  0E00               	movlw	0
   206  01FF9C  6E07               	movwf	main@duty_cycle^0,c	;volatile
   207  01FF9E  BE08               	btfsc	(main@duty_cycle+1)^0,7,c	;volatile
   208  01FFA0  EFDB  F0FF         	goto	u71
   209  01FFA4  5008               	movf	(main@duty_cycle+1)^0,w,c	;volatile
   210  01FFA6  E109               	bnz	u70
   211  01FFA8  0E5A               	movlw	90
   212  01FFAA  5C07               	subwf	main@duty_cycle^0,w,c	;volatile
   213  01FFAC  A0D8               	btfss	status,0,c
   214  01FFAE  EFDB  F0FF         	goto	u71
   215  01FFB2  EFDD  F0FF         	goto	u70
   216  01FFB6                     u71:
   217  01FFB6  EFDF  F0FF         	goto	l899
   218  01FFBA                     u70:
   219  01FFBA  EFBB  F0FF         	goto	l887
   220  01FFBE                     l899:
   221                           
   222                           ;main.c: 85:             {;main.c: 86:             EPWM3_LoadDutyValue(duty_cycle);
   223  01FFBE  C007  F001         	movff	main@duty_cycle,EPWM3_LoadDutyValue@dutyValue	;volatile
   224  01FFC2  C008  F002         	movff	main@duty_cycle+1,EPWM3_LoadDutyValue@dutyValue+1	;volatile
   225  01FFC6  EC7A  F0FF         	call	_EPWM3_LoadDutyValue	;wreg free
   226  01FFCA                     
   227                           ;main.c: 87:             _delay((unsigned long)((10)*(16000000/4000.0)));
   228  01FFCA  0E34               	movlw	52
   229  01FFCC  6E05               	movwf	??_main^0,c
   230  01FFCE  0EF2               	movlw	242
   231  01FFD0                     u97:
   232  01FFD0  2EE8               	decfsz	wreg,f,c
   233  01FFD2  D7FE               	bra	u97
   234  01FFD4  2E05               	decfsz	??_main^0,f,c
   235  01FFD6  D7FC               	bra	u97
   236  01FFD8                     
   237                           ;main.c: 88:         }
   238  01FFD8  4A07               	infsnz	main@duty_cycle^0,f,c	;volatile
   239  01FFDA  2A08               	incf	(main@duty_cycle+1)^0,f,c	;volatile
   240  01FFDC  BE08               	btfsc	(main@duty_cycle+1)^0,7,c	;volatile
   241  01FFDE  EFFA  F0FF         	goto	u81
   242  01FFE2  5008               	movf	(main@duty_cycle+1)^0,w,c	;volatile
   243  01FFE4  E109               	bnz	u80
   244  01FFE6  0E5A               	movlw	90
   245  01FFE8  5C07               	subwf	main@duty_cycle^0,w,c	;volatile
   246  01FFEA  A0D8               	btfss	status,0,c
   247  01FFEC  EFFA  F0FF         	goto	u81
   248  01FFF0  EFFC  F0FF         	goto	u80
   249  01FFF4                     u81:
   250  01FFF4  EFDF  F0FF         	goto	l899
   251  01FFF8                     u80:
   252  01FFF8  EFBB  F0FF         	goto	l887
   253  01FFFC  EF00  F000         	goto	start
   254  020000                     __end_of_main:
   255                           	callstack 0
   256                           
   257 ;; *************** function _SYSTEM_Initialize *****************
   258 ;; Defined at:
   259 ;;		line 50 in file "mcc_generated_files/mcc.c"
   260 ;; Parameters:    Size  Location     Type
   261 ;;		None
   262 ;; Auto vars:     Size  Location     Type
   263 ;;		None
   264 ;; Return value:  Size  Location     Type
   265 ;;                  1    wreg      void 
   266 ;; Registers used:
   267 ;;		wreg, status,2, cstack
   268 ;; Tracked objects:
   269 ;;		On entry : 0/0
   270 ;;		On exit  : 0/0
   271 ;;		Unchanged: 0/0
   272 ;; Data sizes:     COMRAM   BANK0   BANK1   BANK2   BANK3   BANK4   BANK5   BANK6   BANK7   BANK8   BANK9  BANK10  BANK1
      +1  BANK12  BANK13  BANK14  BANK15
   273 ;;      Params:         0       0       0       0       0       0       0       0       0       0       0       0       
      +0       0       0       0       0
   274 ;;      Locals:         0       0       0       0       0       0       0       0       0       0       0       0       
      +0       0       0       0       0
   275 ;;      Temps:          0       0       0       0       0       0       0       0       0       0       0       0       
      +0       0       0       0       0
   276 ;;      Totals:         0       0       0       0       0       0       0       0       0       0       0       0       
      +0       0       0       0       0
   277 ;;Total ram usage:        0 bytes
   278 ;; Hardware stack levels used: 1
   279 ;; Hardware stack levels required when called: 1
   280 ;; This function calls:
   281 ;;		_EPWM3_Initialize
   282 ;;		_OSCILLATOR_Initialize
   283 ;;		_PIN_MANAGER_Initialize
   284 ;;		_TMR2_Initialize
   285 ;; This function is called by:
   286 ;;		_main
   287 ;; This function uses a non-reentrant model
   288 ;;
   289                           
   290                           	psect	text1
   291  01FEAE                     __ptext1:
   292                           	callstack 0
   293  01FEAE                     _SYSTEM_Initialize:
   294                           	callstack 29
   295  01FEAE                     
   296                           ;mcc_generated_files/mcc.c: 53:     PIN_MANAGER_Initialize();
   297  01FEAE  EC93  F0FF         	call	_PIN_MANAGER_Initialize	;wreg free
   298                           
   299                           ;mcc_generated_files/mcc.c: 54:     OSCILLATOR_Initialize();
   300  01FEB2  EC60  F0FF         	call	_OSCILLATOR_Initialize	;wreg free
   301                           
   302                           ;mcc_generated_files/mcc.c: 55:     TMR2_Initialize();
   303  01FEB6  EC50  F0FF         	call	_TMR2_Initialize	;wreg free
   304                           
   305                           ;mcc_generated_files/mcc.c: 56:     EPWM3_Initialize();
   306  01FEBA  EC6A  F0FF         	call	_EPWM3_Initialize	;wreg free
   307  01FEBE  0012               	return		;funcret
   308  01FEC0                     __end_of_SYSTEM_Initialize:
   309                           	callstack 0
   310                           
   311 ;; *************** function _TMR2_Initialize *****************
   312 ;; Defined at:
   313 ;;		line 62 in file "mcc_generated_files/tmr2.c"
   314 ;; Parameters:    Size  Location     Type
   315 ;;		None
   316 ;; Auto vars:     Size  Location     Type
   317 ;;		None
   318 ;; Return value:  Size  Location     Type
   319 ;;                  1    wreg      void 
   320 ;; Registers used:
   321 ;;		wreg, status,2
   322 ;; Tracked objects:
   323 ;;		On entry : 0/0
   324 ;;		On exit  : 0/0
   325 ;;		Unchanged: 0/0
   326 ;; Data sizes:     COMRAM   BANK0   BANK1   BANK2   BANK3   BANK4   BANK5   BANK6   BANK7   BANK8   BANK9  BANK10  BANK1
      +1  BANK12  BANK13  BANK14  BANK15
   327 ;;      Params:         0       0       0       0       0       0       0       0       0       0       0       0       
      +0       0       0       0       0
   328 ;;      Locals:         0       0       0       0       0       0       0       0       0       0       0       0       
      +0       0       0       0       0
   329 ;;      Temps:          0       0       0       0       0       0       0       0       0       0       0       0       
      +0       0       0       0       0
   330 ;;      Totals:         0       0       0       0       0       0       0       0       0       0       0       0       
      +0       0       0       0       0
   331 ;;Total ram usage:        0 bytes
   332 ;; Hardware stack levels used: 1
   333 ;; This function calls:
   334 ;;		Nothing
   335 ;; This function is called by:
   336 ;;		_SYSTEM_Initialize
   337 ;; This function uses a non-reentrant model
   338 ;;
   339                           
   340                           	psect	text2
   341  01FEA0                     __ptext2:
   342                           	callstack 0
   343  01FEA0                     _TMR2_Initialize:
   344                           	callstack 29
   345  01FEA0                     
   346                           ;mcc_generated_files/tmr2.c: 67:     PR2 = 0xFF;
   347  01FEA0  68CB               	setf	203,c	;volatile
   348  01FEA2                     
   349                           ;mcc_generated_files/tmr2.c: 70:     TMR2 = 0x00;
   350  01FEA2  0E00               	movlw	0
   351  01FEA4  6ECC               	movwf	204,c	;volatile
   352  01FEA6                     
   353                           ;mcc_generated_files/tmr2.c: 73:     PIR1bits.TMR2IF = 0;
   354  01FEA6  929E               	bcf	158,1,c	;volatile
   355                           
   356                           ;mcc_generated_files/tmr2.c: 76:     T2CON = 0x04;
   357  01FEA8  0E04               	movlw	4
   358  01FEAA  6ECA               	movwf	202,c	;volatile
   359  01FEAC  0012               	return		;funcret
   360  01FEAE                     __end_of_TMR2_Initialize:
   361                           	callstack 0
   362                           
   363 ;; *************** function _PIN_MANAGER_Initialize *****************
   364 ;; Defined at:
   365 ;;		line 55 in file "mcc_generated_files/pin_manager.c"
   366 ;; Parameters:    Size  Location     Type
   367 ;;		None
   368 ;; Auto vars:     Size  Location     Type
   369 ;;		None
   370 ;; Return value:  Size  Location     Type
   371 ;;                  1    wreg      void 
   372 ;; Registers used:
   373 ;;		wreg, status,2
   374 ;; Tracked objects:
   375 ;;		On entry : 0/0
   376 ;;		On exit  : 0/0
   377 ;;		Unchanged: 0/0
   378 ;; Data sizes:     COMRAM   BANK0   BANK1   BANK2   BANK3   BANK4   BANK5   BANK6   BANK7   BANK8   BANK9  BANK10  BANK1
      +1  BANK12  BANK13  BANK14  BANK15
   379 ;;      Params:         0       0       0       0       0       0       0       0       0       0       0       0       
      +0       0       0       0       0
   380 ;;      Locals:         0       0       0       0       0       0       0       0       0       0       0       0       
      +0       0       0       0       0
   381 ;;      Temps:          0       0       0       0       0       0       0       0       0       0       0       0       
      +0       0       0       0       0
   382 ;;      Totals:         0       0       0       0       0       0       0       0       0       0       0       0       
      +0       0       0       0       0
   383 ;;Total ram usage:        0 bytes
   384 ;; Hardware stack levels used: 1
   385 ;; This function calls:
   386 ;;		Nothing
   387 ;; This function is called by:
   388 ;;		_SYSTEM_Initialize
   389 ;; This function uses a non-reentrant model
   390 ;;
   391                           
   392                           	psect	text3
   393  01FF26                     __ptext3:
   394                           	callstack 0
   395  01FF26                     _PIN_MANAGER_Initialize:
   396                           	callstack 29
   397  01FF26                     
   398                           ;mcc_generated_files/pin_manager.c: 60:     LATE = 0x00;
   399  01FF26  0E00               	movlw	0
   400  01FF28  6E8D               	movwf	141,c	;volatile
   401                           
   402                           ;mcc_generated_files/pin_manager.c: 61:     LATD = 0x00;
   403  01FF2A  0E00               	movlw	0
   404  01FF2C  6E8C               	movwf	140,c	;volatile
   405                           
   406                           ;mcc_generated_files/pin_manager.c: 62:     LATA = 0x00;
   407  01FF2E  0E00               	movlw	0
   408  01FF30  6E89               	movwf	137,c	;volatile
   409                           
   410                           ;mcc_generated_files/pin_manager.c: 63:     LATF = 0x00;
   411  01FF32  0E00               	movlw	0
   412  01FF34  6E8E               	movwf	142,c	;volatile
   413                           
   414                           ;mcc_generated_files/pin_manager.c: 64:     LATB = 0x00;
   415  01FF36  0E00               	movlw	0
   416  01FF38  6E8A               	movwf	138,c	;volatile
   417                           
   418                           ;mcc_generated_files/pin_manager.c: 65:     LATG = 0x00;
   419  01FF3A  0E00               	movlw	0
   420  01FF3C  6E8F               	movwf	143,c	;volatile
   421                           
   422                           ;mcc_generated_files/pin_manager.c: 66:     LATC = 0x00;
   423  01FF3E  0E00               	movlw	0
   424  01FF40  6E8B               	movwf	139,c	;volatile
   425                           
   426                           ;mcc_generated_files/pin_manager.c: 67:     LATH = 0x00;
   427  01FF42  0E00               	movlw	0
   428  01FF44  6E90               	movwf	144,c	;volatile
   429                           
   430                           ;mcc_generated_files/pin_manager.c: 72:     TRISE = 0xFE;
   431  01FF46  0EFE               	movlw	254
   432  01FF48  6E96               	movwf	150,c	;volatile
   433                           
   434                           ;mcc_generated_files/pin_manager.c: 73:     TRISF = 0xFE;
   435  01FF4A  0EFE               	movlw	254
   436  01FF4C  6E97               	movwf	151,c	;volatile
   437  01FF4E                     
   438                           ;mcc_generated_files/pin_manager.c: 74:     TRISA = 0xFF;
   439  01FF4E  6892               	setf	146,c	;volatile
   440                           
   441                           ;mcc_generated_files/pin_manager.c: 75:     TRISG = 0x1E;
   442  01FF50  0E1E               	movlw	30
   443  01FF52  6E98               	movwf	152,c	;volatile
   444                           
   445                           ;mcc_generated_files/pin_manager.c: 76:     TRISB = 0xFE;
   446  01FF54  0EFE               	movlw	254
   447  01FF56  6E93               	movwf	147,c	;volatile
   448  01FF58                     
   449                           ;mcc_generated_files/pin_manager.c: 77:     TRISH = 0xFF;
   450  01FF58  6899               	setf	153,c	;volatile
   451                           
   452                           ;mcc_generated_files/pin_manager.c: 78:     TRISC = 0xFC;
   453  01FF5A  0EFC               	movlw	252
   454  01FF5C  6E94               	movwf	148,c	;volatile
   455  01FF5E                     
   456                           ;mcc_generated_files/pin_manager.c: 79:     TRISD = 0xFF;
   457  01FF5E  6895               	setf	149,c	;volatile
   458  01FF60                     
   459                           ;mcc_generated_files/pin_manager.c: 84:     ANCON0 = 0xFF;
   460  01FF60  010F               	movlb	15	; () banked
   461  01FF62  6925               	setf	37,b	;volatile
   462  01FF64                     
   463                           ; BSR set to: 15
   464                           ;mcc_generated_files/pin_manager.c: 85:     ANCON1 = 0xFF;
   465  01FF64  6924               	setf	36,b	;volatile
   466  01FF66                     
   467                           ; BSR set to: 15
   468                           ;mcc_generated_files/pin_manager.c: 86:     ANCON2 = 0xFF;
   469  01FF66  6923               	setf	35,b	;volatile
   470  01FF68                     
   471                           ; BSR set to: 15
   472  01FF68  0012               	return		;funcret
   473  01FF6A                     __end_of_PIN_MANAGER_Initialize:
   474                           	callstack 0
   475                           
   476 ;; *************** function _OSCILLATOR_Initialize *****************
   477 ;; Defined at:
   478 ;;		line 59 in file "mcc_generated_files/mcc.c"
   479 ;; Parameters:    Size  Location     Type
   480 ;;		None
   481 ;; Auto vars:     Size  Location     Type
   482 ;;		None
   483 ;; Return value:  Size  Location     Type
   484 ;;                  1    wreg      void 
   485 ;; Registers used:
   486 ;;		wreg, status,2
   487 ;; Tracked objects:
   488 ;;		On entry : 0/0
   489 ;;		On exit  : 0/0
   490 ;;		Unchanged: 0/0
   491 ;; Data sizes:     COMRAM   BANK0   BANK1   BANK2   BANK3   BANK4   BANK5   BANK6   BANK7   BANK8   BANK9  BANK10  BANK1
      +1  BANK12  BANK13  BANK14  BANK15
   492 ;;      Params:         0       0       0       0       0       0       0       0       0       0       0       0       
      +0       0       0       0       0
   493 ;;      Locals:         0       0       0       0       0       0       0       0       0       0       0       0       
      +0       0       0       0       0
   494 ;;      Temps:          0       0       0       0       0       0       0       0       0       0       0       0       
      +0       0       0       0       0
   495 ;;      Totals:         0       0       0       0       0       0       0       0       0       0       0       0       
      +0       0       0       0       0
   496 ;;Total ram usage:        0 bytes
   497 ;; Hardware stack levels used: 1
   498 ;; This function calls:
   499 ;;		Nothing
   500 ;; This function is called by:
   501 ;;		_SYSTEM_Initialize
   502 ;; This function uses a non-reentrant model
   503 ;;
   504                           
   505                           	psect	text4
   506  01FEC0                     __ptext4:
   507                           	callstack 0
   508  01FEC0                     _OSCILLATOR_Initialize:
   509                           	callstack 29
   510  01FEC0                     
   511                           ;mcc_generated_files/mcc.c: 62:     OSCCON = 0x70;
   512  01FEC0  0E70               	movlw	112
   513  01FEC2  6ED3               	movwf	211,c	;volatile
   514                           
   515                           ;mcc_generated_files/mcc.c: 64:     OSCCON2 = 0x00;
   516  01FEC4  0E00               	movlw	0
   517  01FEC6  6E64               	movwf	100,c	;volatile
   518                           
   519                           ;mcc_generated_files/mcc.c: 66:     OSCTUNE = 0x00;
   520  01FEC8  0E00               	movlw	0
   521  01FECA  6E9B               	movwf	155,c	;volatile
   522                           
   523                           ;mcc_generated_files/mcc.c: 68:     REFOCON = 0x00;
   524  01FECC  0E00               	movlw	0
   525  01FECE  010F               	movlb	15	; () banked
   526  01FED0  6F2A               	movwf	42,b	;volatile
   527  01FED2                     
   528                           ; BSR set to: 15
   529  01FED2  0012               	return		;funcret
   530  01FED4                     __end_of_OSCILLATOR_Initialize:
   531                           	callstack 0
   532                           
   533 ;; *************** function _EPWM3_Initialize *****************
   534 ;; Defined at:
   535 ;;		line 64 in file "mcc_generated_files/epwm3.c"
   536 ;; Parameters:    Size  Location     Type
   537 ;;		None
   538 ;; Auto vars:     Size  Location     Type
   539 ;;		None
   540 ;; Return value:  Size  Location     Type
   541 ;;                  1    wreg      void 
   542 ;; Registers used:
   543 ;;		wreg, status,2
   544 ;; Tracked objects:
   545 ;;		On entry : 0/0
   546 ;;		On exit  : 0/0
   547 ;;		Unchanged: 0/0
   548 ;; Data sizes:     COMRAM   BANK0   BANK1   BANK2   BANK3   BANK4   BANK5   BANK6   BANK7   BANK8   BANK9  BANK10  BANK1
      +1  BANK12  BANK13  BANK14  BANK15
   549 ;;      Params:         0       0       0       0       0       0       0       0       0       0       0       0       
      +0       0       0       0       0
   550 ;;      Locals:         0       0       0       0       0       0       0       0       0       0       0       0       
      +0       0       0       0       0
   551 ;;      Temps:          0       0       0       0       0       0       0       0       0       0       0       0       
      +0       0       0       0       0
   552 ;;      Totals:         0       0       0       0       0       0       0       0       0       0       0       0       
      +0       0       0       0       0
   553 ;;Total ram usage:        0 bytes
   554 ;; Hardware stack levels used: 1
   555 ;; This function calls:
   556 ;;		Nothing
   557 ;; This function is called by:
   558 ;;		_SYSTEM_Initialize
   559 ;; This function uses a non-reentrant model
   560 ;;
   561                           
   562                           	psect	text5
   563  01FED4                     __ptext5:
   564                           	callstack 0
   565  01FED4                     _EPWM3_Initialize:
   566                           	callstack 29
   567  01FED4                     
   568                           ;mcc_generated_files/epwm3.c: 69:  CCP3CON = 0x3C;
   569  01FED4  0E3C               	movlw	60
   570  01FED6  010F               	movlb	15	; () banked
   571  01FED8  6F49               	movwf	73,b	;volatile
   572                           
   573                           ;mcc_generated_files/epwm3.c: 72:  ECCP3AS = 0x00;
   574  01FEDA  0E00               	movlw	0
   575  01FEDC  6F4D               	movwf	77,b	;volatile
   576                           
   577                           ;mcc_generated_files/epwm3.c: 75:  PSTR3CON = 0x01;
   578  01FEDE  0E01               	movlw	1
   579  01FEE0  6F1A               	movwf	26,b	;volatile
   580                           
   581                           ;mcc_generated_files/epwm3.c: 78:  ECCP3DEL = 0x80;
   582  01FEE2  0E80               	movlw	128
   583  01FEE4  6F4C               	movwf	76,b	;volatile
   584                           
   585                           ;mcc_generated_files/epwm3.c: 81:  CCPR3H = 0x00;
   586  01FEE6  0E00               	movlw	0
   587  01FEE8  6F4B               	movwf	75,b	;volatile
   588                           
   589                           ;mcc_generated_files/epwm3.c: 84:  CCPR3L = 0x7F;
   590  01FEEA  0E7F               	movlw	127
   591  01FEEC  6F4A               	movwf	74,b	;volatile
   592                           
   593                           ;mcc_generated_files/epwm3.c: 87:  CCPTMRS0bits.C3TSEL = 0x0;
   594  01FEEE  0E3F               	movlw	-193
   595  01FEF0  172D               	andwf	45,f,b	;volatile
   596  01FEF2                     
   597                           ; BSR set to: 15
   598  01FEF2  0012               	return		;funcret
   599  01FEF4                     __end_of_EPWM3_Initialize:
   600                           	callstack 0
   601                           
   602 ;; *************** function _EPWM3_LoadDutyValue *****************
   603 ;; Defined at:
   604 ;;		line 90 in file "mcc_generated_files/epwm3.c"
   605 ;; Parameters:    Size  Location     Type
   606 ;;  dutyValue       2    0[COMRAM] unsigned short 
   607 ;; Auto vars:     Size  Location     Type
   608 ;;		None
   609 ;; Return value:  Size  Location     Type
   610 ;;                  1    wreg      void 
   611 ;; Registers used:
   612 ;;		wreg, status,2, status,0
   613 ;; Tracked objects:
   614 ;;		On entry : 0/0
   615 ;;		On exit  : 0/0
   616 ;;		Unchanged: 0/0
   617 ;; Data sizes:     COMRAM   BANK0   BANK1   BANK2   BANK3   BANK4   BANK5   BANK6   BANK7   BANK8   BANK9  BANK10  BANK1
      +1  BANK12  BANK13  BANK14  BANK15
   618 ;;      Params:         2       0       0       0       0       0       0       0       0       0       0       0       
      +0       0       0       0       0
   619 ;;      Locals:         0       0       0       0       0       0       0       0       0       0       0       0       
      +0       0       0       0       0
   620 ;;      Temps:          2       0       0       0       0       0       0       0       0       0       0       0       
      +0       0       0       0       0
   621 ;;      Totals:         4       0       0       0       0       0       0       0       0       0       0       0       
      +0       0       0       0       0
   622 ;;Total ram usage:        4 bytes
   623 ;; Hardware stack levels used: 1
   624 ;; This function calls:
   625 ;;		Nothing
   626 ;; This function is called by:
   627 ;;		_main
   628 ;; This function uses a non-reentrant model
   629 ;;
   630                           
   631                           	psect	text6
   632  01FEF4                     __ptext6:
   633                           	callstack 0
   634  01FEF4                     _EPWM3_LoadDutyValue:
   635                           	callstack 30
   636  01FEF4                     
   637                           ;mcc_generated_files/epwm3.c: 90: void EPWM3_LoadDutyValue(uint16_t dutyValue);mcc_gener
      +                          ated_files/epwm3.c: 91: {;mcc_generated_files/epwm3.c: 93:     CCPR3L = ((dutyValue & 0x
      +                          03FC)>>2);
   638  01FEF4  C001  F003         	movff	EPWM3_LoadDutyValue@dutyValue,??_EPWM3_LoadDutyValue
   639  01FEF8  C002  F004         	movff	EPWM3_LoadDutyValue@dutyValue+1,??_EPWM3_LoadDutyValue+1
   640  01FEFC  90D8               	bcf	status,0,c
   641  01FEFE  3204               	rrcf	(??_EPWM3_LoadDutyValue+1)^0,f,c
   642  01FF00  3203               	rrcf	??_EPWM3_LoadDutyValue^0,f,c
   643  01FF02  90D8               	bcf	status,0,c
   644  01FF04  3204               	rrcf	(??_EPWM3_LoadDutyValue+1)^0,f,c
   645  01FF06  3203               	rrcf	??_EPWM3_LoadDutyValue^0,f,c
   646  01FF08  5003               	movf	??_EPWM3_LoadDutyValue^0,w,c
   647  01FF0A  010F               	movlb	15	; () banked
   648  01FF0C  6F4A               	movwf	74,b	;volatile
   649                           
   650                           ;mcc_generated_files/epwm3.c: 96:     CCP3CON = ((uint8_t)(CCP3CON & 0xCF) | ((dutyValue
      +                           & 0x0003)<<4));
   651  01FF0E  C001  F003         	movff	EPWM3_LoadDutyValue@dutyValue,??_EPWM3_LoadDutyValue
   652  01FF12  0E03               	movlw	3
   653  01FF14  1603               	andwf	??_EPWM3_LoadDutyValue^0,f,c
   654  01FF16  3A03               	swapf	??_EPWM3_LoadDutyValue^0,f,c
   655  01FF18  0EF0               	movlw	240
   656  01FF1A  1603               	andwf	??_EPWM3_LoadDutyValue^0,f,c
   657  01FF1C  5149               	movf	73,w,b	;volatile
   658  01FF1E  0BCF               	andlw	207
   659  01FF20  1003               	iorwf	??_EPWM3_LoadDutyValue^0,w,c
   660  01FF22  6F49               	movwf	73,b	;volatile
   661  01FF24                     
   662                           ; BSR set to: 15
   663  01FF24  0012               	return		;funcret
   664  01FF26                     __end_of_EPWM3_LoadDutyValue:
   665                           	callstack 0
   666  0000                     
   667                           	psect	rparam
   668  0000                     
   669                           	psect	idloc
   670                           
   671                           ;Config register IDLOC0 @ 0x200000
   672                           ;	unspecified, using default values
   673  200000                     	org	2097152
   674  200000  FF                 	db	255
   675                           
   676                           ;Config register IDLOC1 @ 0x200001
   677                           ;	unspecified, using default values
   678  200001                     	org	2097153
   679  200001  FF                 	db	255
   680                           
   681                           ;Config register IDLOC2 @ 0x200002
   682                           ;	unspecified, using default values
   683  200002                     	org	2097154
   684  200002  FF                 	db	255
   685                           
   686                           ;Config register IDLOC3 @ 0x200003
   687                           ;	unspecified, using default values
   688  200003                     	org	2097155
   689  200003  FF                 	db	255
   690                           
   691                           ;Config register IDLOC4 @ 0x200004
   692                           ;	unspecified, using default values
   693  200004                     	org	2097156
   694  200004  FF                 	db	255
   695                           
   696                           ;Config register IDLOC5 @ 0x200005
   697                           ;	unspecified, using default values
   698  200005                     	org	2097157
   699  200005  FF                 	db	255
   700                           
   701                           ;Config register IDLOC6 @ 0x200006
   702                           ;	unspecified, using default values
   703  200006                     	org	2097158
   704  200006  FF                 	db	255
   705                           
   706                           ;Config register IDLOC7 @ 0x200007
   707                           ;	unspecified, using default values
   708  200007                     	org	2097159
   709  200007  FF                 	db	255
   710                           
   711                           	psect	config
   712                           
   713                           ;Config register CONFIG1L @ 0x300000
   714                           ;	VREG Sleep Enable bit
   715                           ;	RETEN = ON, Enabled
   716                           ;	LF-INTOSC Low-power Enable bit
   717                           ;	INTOSCSEL = HIGH, LF-INTOSC in High-power mode during Sleep
   718                           ;	SOSC Power Selection and mode Configuration bits
   719                           ;	SOSCSEL = DIG, Digital (SCLKI) mode
   720                           ;	Extended Instruction Set
   721                           ;	XINST = OFF, Disabled
   722  300000                     	org	3145728
   723  300000  15                 	db	21
   724                           
   725                           ;Config register CONFIG1H @ 0x300001
   726                           ;	Oscillator
   727                           ;	FOSC = INTIO2, Internal RC oscillator
   728                           ;	PLL x4 Enable bit
   729                           ;	PLLCFG = ON, Enabled
   730                           ;	Fail-Safe Clock Monitor
   731                           ;	FCMEN = OFF, Disabled
   732                           ;	Internal External Oscillator Switch Over Mode
   733                           ;	IESO = OFF, Disabled
   734  300001                     	org	3145729
   735  300001  18                 	db	24
   736                           
   737                           ;Config register CONFIG2L @ 0x300002
   738                           ;	Power Up Timer
   739                           ;	PWRTEN = OFF, Disabled
   740                           ;	Brown Out Detect
   741                           ;	BOREN = SBORDIS, Enabled in hardware, SBOREN disabled
   742                           ;	Brown-out Reset Voltage bits
   743                           ;	BORV = 3, 1.8V
   744                           ;	BORMV Power level
   745                           ;	BORPWR = ZPBORMV, ZPBORMV instead of BORMV is selected
   746  300002                     	org	3145730
   747  300002  7F                 	db	127
   748                           
   749                           ;Config register CONFIG2H @ 0x300003
   750                           ;	Watchdog Timer
   751                           ;	WDTEN = OFF, WDT disabled in hardware; SWDTEN bit disabled
   752                           ;	Watchdog Postscaler
   753                           ;	WDTPS = 1048576, 1:1048576
   754  300003                     	org	3145731
   755  300003  7C                 	db	124
   756                           
   757                           ;Config register CONFIG3L @ 0x300004
   758                           ;	RTCC Clock Select
   759                           ;	RTCOSC = SOSCREF, RTCC uses SOSC
   760                           ;	External Address Shift bit
   761                           ;	EASHFT = ON, Address Shifting enabled
   762                           ;	Address Bus Width Select bits
   763                           ;	ABW = MM, 8-bit address bus
   764                           ;	Data Bus Width
   765                           ;	BW = 16, 16-bit external bus mode
   766                           ;	External Bus Wait
   767                           ;	WAIT = OFF, Disabled
   768  300004                     	org	3145732
   769  300004  F9                 	db	249
   770                           
   771                           ;Config register CONFIG3H @ 0x300005
   772                           ;	CCP2 Mux
   773                           ;	CCP2MX = PORTC, RC1
   774                           ;	ECCP Mux
   775                           ;	ECCPMX = PORTE, Enhanced CCP1/3 [P1B/P1C/P3B/P3C] muxed with RE6/RE5/RE4/RE3
   776                           ;	MSSP address masking
   777                           ;	MSSPMSK = MSK7, 7 Bit address masking mode
   778                           ;	Master Clear Enable
   779                           ;	MCLRE = ON, MCLR Enabled, RG5 Disabled
   780  300005                     	org	3145733
   781  300005  8B                 	db	139
   782                           
   783                           ;Config register CONFIG4L @ 0x300006
   784                           ;	Stack Overflow Reset
   785                           ;	STVREN = ON, Enabled
   786                           ;	Boot Block Size
   787                           ;	BBSIZ = BB2K, 2K word Boot Block size
   788                           ;	Background Debug
   789                           ;	DEBUG = OFF, Disabled
   790  300006                     	org	3145734
   791  300006  91                 	db	145
   792                           
   793                           ; Padding undefined space
   794  300007                     	org	3145735
   795  300007  FF                 	db	255
   796                           
   797                           ;Config register CONFIG5L @ 0x300008
   798                           ;	Code Protect 00800-03FFF
   799                           ;	CP0 = OFF, Disabled
   800                           ;	Code Protect 04000-07FFF
   801                           ;	CP1 = OFF, Disabled
   802                           ;	Code Protect 08000-0BFFF
   803                           ;	CP2 = OFF, Disabled
   804                           ;	Code Protect 0C000-0FFFF
   805                           ;	CP3 = OFF, Disabled
   806                           ;	Code Protect 10000-13FFF
   807                           ;	CP4 = OFF, Disabled
   808                           ;	Code Protect 14000-17FFF
   809                           ;	CP5 = OFF, Disabled
   810                           ;	Code Protect 18000-1BFFF
   811                           ;	CP6 = OFF, Disabled
   812                           ;	Code Protect 1C000-1FFFF
   813                           ;	CP7 = OFF, Disabled
   814  300008                     	org	3145736
   815  300008  FF                 	db	255
   816                           
   817                           ;Config register CONFIG5H @ 0x300009
   818                           ;	Code Protect Boot
   819                           ;	CPB = OFF, Disabled
   820                           ;	Data EE Read Protect
   821                           ;	CPD = OFF, Disabled
   822  300009                     	org	3145737
   823  300009  C0                 	db	192
   824                           
   825                           ;Config register CONFIG6L @ 0x30000A
   826                           ;	Table Write Protect 00800-03FFF
   827                           ;	WRT0 = OFF, Disabled
   828                           ;	Table Write Protect 04000-07FFF
   829                           ;	WRT1 = OFF, Disabled
   830                           ;	Table Write Protect 08000-0BFFF
   831                           ;	WRT2 = OFF, Disabled
   832                           ;	Table Write Protect 0C000-0FFFF
   833                           ;	WRT3 = OFF, Disabled
   834                           ;	Table Write Protect 10000-13FFF
   835                           ;	WRT4 = OFF, Disabled
   836                           ;	Table Write Protect 14000-17FFF
   837                           ;	WRT5 = OFF, Disabled
   838                           ;	Table Write Protect 18000-1BFFF
   839                           ;	WRT6 = OFF, Disabled
   840                           ;	Table Write Protect 1C000-1FFFF
   841                           ;	WRT7 = OFF, Disabled
   842  30000A                     	org	3145738
   843  30000A  FF                 	db	255
   844                           
   845                           ;Config register CONFIG6H @ 0x30000B
   846                           ;	Config. Write Protect
   847                           ;	WRTC = OFF, Disabled
   848                           ;	Table Write Protect Boot
   849                           ;	WRTB = OFF, Disabled
   850                           ;	Data EE Write Protect
   851                           ;	WRTD = OFF, Disabled
   852  30000B                     	org	3145739
   853  30000B  E0                 	db	224
   854                           
   855                           ;Config register CONFIG7L @ 0x30000C
   856                           ;	Table Read Protect 00800-03FFF
   857                           ;	EBRT0 = OFF, Disabled
   858                           ;	Table Read Protect 04000-07FFF
   859                           ;	EBRT1 = OFF, Disabled
   860                           ;	Table Read Protect 08000-0BFFF
   861                           ;	EBRT2 = OFF, Disabled
   862                           ;	Table Read Protect 0C000-0FFFF
   863                           ;	EBRT3 = OFF, Disabled
   864                           ;	Table Read Protect 10000-13FFF
   865                           ;	EBRT4 = OFF, Disabled
   866                           ;	Table Read Protect 14000-17FFF
   867                           ;	EBRT5 = OFF, Disabled
   868                           ;	Table Read Protect 18000-1BFFF
   869                           ;	EBRT6 = OFF, Disabled
   870                           ;	Table Read Protect 1C000-1FFFF
   871                           ;	EBRT7 = OFF, Disabled
   872  30000C                     	org	3145740
   873  30000C  FF                 	db	255
   874                           
   875                           ;Config register CONFIG7H @ 0x30000D
   876                           ;	Table Read Protect Boot
   877                           ;	EBRTB = OFF, Disabled
   878  30000D                     	org	3145741
   879  30000D  40                 	db	64
   880                           tosu	equ	0xFFF
   881                           tosh	equ	0xFFE
   882                           tosl	equ	0xFFD
   883                           stkptr	equ	0xFFC
   884                           pclatu	equ	0xFFB
   885                           pclath	equ	0xFFA
   886                           pcl	equ	0xFF9
   887                           tblptru	equ	0xFF8
   888                           tblptrh	equ	0xFF7
   889                           tblptrl	equ	0xFF6
   890                           tablat	equ	0xFF5
   891                           prodh	equ	0xFF4
   892                           prodl	equ	0xFF3
   893                           indf0	equ	0xFEF
   894                           postinc0	equ	0xFEE
   895                           postdec0	equ	0xFED
   896                           preinc0	equ	0xFEC
   897                           plusw0	equ	0xFEB
   898                           fsr0h	equ	0xFEA
   899                           fsr0l	equ	0xFE9
   900                           wreg	equ	0xFE8
   901                           indf1	equ	0xFE7
   902                           postinc1	equ	0xFE6
   903                           postdec1	equ	0xFE5
   904                           preinc1	equ	0xFE4
   905                           plusw1	equ	0xFE3
   906                           fsr1h	equ	0xFE2
   907                           fsr1l	equ	0xFE1
   908                           bsr	equ	0xFE0
   909                           indf2	equ	0xFDF
   910                           postinc2	equ	0xFDE
   911                           postdec2	equ	0xFDD
   912                           preinc2	equ	0xFDC
   913                           plusw2	equ	0xFDB
   914                           fsr2h	equ	0xFDA
   915                           fsr2l	equ	0xFD9
   916                           status	equ	0xFD8

Data Sizes:
    Strings     0
    Constant    0
    Data        0
    BSS         0
    Persistent  0
    Stack       0

Auto Spaces:
    Space          Size  Autos    Used
    COMRAM           95      8       8
    BANK0           160      0       0
    BANK1           256      0       0
    BANK2           256      0       0
    BANK3           256      0       0
    BANK4           256      0       0
    BANK5           256      0       0
    BANK6           256      0       0
    BANK7           256      0       0
    BANK8           256      0       0
    BANK9           256      0       0
    BANK10          256      0       0
    BANK11          256      0       0
    BANK12          256      0       0
    BANK13          256      0       0
    BANK14          256      0       0
    BANK15           22      0       0

Pointer List with Targets:

    None.

Critical Paths under _main in COMRAM

    _main->_EPWM3_LoadDutyValue

Critical Paths under _main in BANK0

    None.

Critical Paths under _main in BANK1

    None.

Critical Paths under _main in BANK2

    None.

Critical Paths under _main in BANK3

    None.

Critical Paths under _main in BANK4

    None.

Critical Paths under _main in BANK5

    None.

Critical Paths under _main in BANK6

    None.

Critical Paths under _main in BANK7

    None.

Critical Paths under _main in BANK8

    None.

Critical Paths under _main in BANK9

    None.

Critical Paths under _main in BANK10

    None.

Critical Paths under _main in BANK11

    None.

Critical Paths under _main in BANK12

    None.

Critical Paths under _main in BANK13

    None.

Critical Paths under _main in BANK14

    None.

Critical Paths under _main in BANK15

    None.

Call Graph Tables:

 ---------------------------------------------------------------------------------
 (Depth) Function   	        Calls       Base Space   Used Autos Params    Refs
 ---------------------------------------------------------------------------------
 (0) _main                                                 4     4      0     310
                                              4 COMRAM     4     4      0
                _EPWM3_LoadDutyValue
                  _SYSTEM_Initialize
 ---------------------------------------------------------------------------------
 (1) _SYSTEM_Initialize                                    0     0      0       0
                   _EPWM3_Initialize
              _OSCILLATOR_Initialize
             _PIN_MANAGER_Initialize
                    _TMR2_Initialize
 ---------------------------------------------------------------------------------
 (2) _TMR2_Initialize                                      0     0      0       0
 ---------------------------------------------------------------------------------
 (2) _PIN_MANAGER_Initialize                               0     0      0       0
 ---------------------------------------------------------------------------------
 (2) _OSCILLATOR_Initialize                                0     0      0       0
 ---------------------------------------------------------------------------------
 (2) _EPWM3_Initialize                                     0     0      0       0
 ---------------------------------------------------------------------------------
 (1) _EPWM3_LoadDutyValue                                  4     2      2     196
                                              0 COMRAM     4     2      2
 ---------------------------------------------------------------------------------
 Estimated maximum stack depth 2
 ---------------------------------------------------------------------------------

 Call Graph Graphs:

 _main (ROOT)
   _EPWM3_LoadDutyValue
   _SYSTEM_Initialize
     _EPWM3_Initialize
     _OSCILLATOR_Initialize
     _PIN_MANAGER_Initialize
     _TMR2_Initialize

 Address spaces:
Name               Size   Autos  Total    Cost      Usage
BITCOMRAM           5F      0       0       0        0.0%
EEDATA             400      0       0       0        0.0%
NULL                 0      0       0       0        0.0%
CODE                 0      0       0       0        0.0%
COMRAM              5F      8       8       1        8.4%
STACK                0      0       0       2        0.0%
DATA                 0      0       0       3        0.0%
BITBANK0            A0      0       0       4        0.0%
BANK0               A0      0       0       5        0.0%
BITBANK1           100      0       0       6        0.0%
BANK1              100      0       0       7        0.0%
BITBANK2           100      0       0       8        0.0%
BANK2              100      0       0       9        0.0%
BITBANK3           100      0       0      10        0.0%
BANK3              100      0       0      11        0.0%
ABS                  0      0       0      12        0.0%
BITBANK4           100      0       0      13        0.0%
BANK4              100      0       0      14        0.0%
BITBANK5           100      0       0      15        0.0%
BANK5              100      0       0      16        0.0%
BITBANK6           100      0       0      17        0.0%
BANK6              100      0       0      18        0.0%
BITBANK7           100      0       0      19        0.0%
BANK7              100      0       0      20        0.0%
BITBANK8           100      0       0      21        0.0%
BANK8              100      0       0      22        0.0%
BITBANK9           100      0       0      23        0.0%
BANK9              100      0       0      24        0.0%
BITBANK10          100      0       0      25        0.0%
BANK10             100      0       0      26        0.0%
BITBANK11          100      0       0      27        0.0%
BANK11             100      0       0      28        0.0%
BITBANK12          100      0       0      29        0.0%
BANK12             100      0       0      30        0.0%
BITBANK13          100      0       0      31        0.0%
BANK13             100      0       0      32        0.0%
BITBANK14          100      0       0      33        0.0%
BANK14             100      0       0      34        0.0%
BITBANK15           16      0       0      35        0.0%
BANK15              16      0       0      36        0.0%
BIGRAM             F15      0       0      37        0.0%
BITSFR_1             0      0       0     200        0.0%
SFR_1                0      0       0     200        0.0%
BITSFR               0      0       0     200        0.0%
SFR                  0      0       0     200        0.0%


Microchip Technology PIC18 Macro Assembler V2.32 build 20210201212658 
Symbol Table                                                                                   Mon Mar 06 17:49:51 2023

                             l22 FED2                               l19 FEBE  
                             l82 FF68                               u60 FF86  
                             u61 FF82                               u70 FFBA  
                             u71 FFB6                               u80 FFF8  
                             u81 FFF4                               u97 FFD0  
                            l102 FEF2                              l105 FF24  
                            l118 FEAC                              l821 FF60  
                            l813 FF26                              l901 FFCA  
                            l823 FF64                              l815 FF4E  
                            l831 FEA2                              l903 FFD8  
                            l825 FF66                              l817 FF58  
                            l833 FEA6                              l905 FFDC  
                            l835 FED4                              l827 FEC0  
                            l819 FF5E                              l829 FEA0  
                            l837 FEAE                              l881 FEF4  
                            l891 FF8A                              l883 FF6A  
                            l893 FF96                              l885 FF6E  
                            l895 FF9E                              l887 FF76  
                            l889 FF86                              l899 FFBE  
                            _PR2 000FCB                  _TMR2_Initialize FEA0  
                            wreg 000FE8                             _LATA 000F89  
                           _LATB 000F8A                             _LATC 000F8B  
                           _LATD 000F8C                             _LATE 000F8D  
                           _LATF 000F8E                             _LATG 000F8F  
                           _LATH 000F90                             _TMR2 000FCC  
                           _main FF6A                             start 0000  
       __end_of_EPWM3_Initialize FEF4                     ___param_bank 000000  
 __size_of_OSCILLATOR_Initialize 0014    __end_of_OSCILLATOR_Initialize FED4  
                          ?_main 0001                            _T2CON 000FCA  
                          _TRISA 000F92                            _TRISB 000F93  
                          _TRISC 000F94                            _TRISD 000F95  
                          _TRISE 000F96                            _TRISF 000F97  
                          _TRISG 000F98                            _TRISH 000F99  
                          status 000FD8                  __initialization FE9A  
                   __end_of_main 0000          __end_of_TMR2_Initialize FEAE  
                         ??_main 0005                    __activetblptr 000000  
                         _CCPR3H 000F4B                           _CCPR3L 000F4A  
                         _ANCON0 000F25                           _ANCON1 000F24  
                         _ANCON2 000F23                           _OSCCON 000FD3  
                   _CCPTMRS0bits 000F2D                           isa$std 000001  
              _SYSTEM_Initialize FEAE                       __accesstop 0060  
        __end_of__initialization FE9A               ?_SYSTEM_Initialize 0001  
                  ___rparam_used 000001     EPWM3_LoadDutyValue@dutyValue 0001  
                 __pcstackCOMRAM 0001              ??_SYSTEM_Initialize 0001  
   __size_of_EPWM3_LoadDutyValue 0032                 ?_TMR2_Initialize 0001  
      __end_of_SYSTEM_Initialize FEC0                ?_EPWM3_Initialize 0001  
             ??_EPWM3_Initialize 0001                          _CCP3CON 000F49  
                        _ECCP3AS 000F4D                          _REFOCON 000F2A  
                        _OSCCON2 000F64                          _OSCTUNE 000F9B  
                 main@duty_cycle 0007                          __Hparam 0000  
                        __Lparam 0000                          __pcinit FE9A  
                        __ramtop 1000                          __ptext0 FF6A  
                        __ptext1 FEAE                          __ptext2 FEA0  
                        __ptext3 FF26                          __ptext4 FEC0  
                        __ptext5 FED4                          __ptext6 FEF4  
          _OSCILLATOR_Initialize FEC0                        _T2CONbits 000FCA  
       ??_PIN_MANAGER_Initialize 0001       __size_of_SYSTEM_Initialize 0012  
           end_of_initialization FE9A              _EPWM3_LoadDutyValue FEF4  
           ?_EPWM3_LoadDutyValue 0001           ?_OSCILLATOR_Initialize 0001  
            start_initialization FE9A  __size_of_PIN_MANAGER_Initialize 0044  
          ??_EPWM3_LoadDutyValue 0003        __size_of_EPWM3_Initialize 0020  
       __size_of_TMR2_Initialize 000E           _PIN_MANAGER_Initialize FF26  
                       _ECCP3DEL 000F4C                         _PIR1bits 000F9E  
                       _PSTR3CON 000F1A                ??_TMR2_Initialize 0001  
                       __Hrparam 0000                         __Lrparam 0000  
        ??_OSCILLATOR_Initialize 0001                 _EPWM3_Initialize FED4  
                  __size_of_main 0096                         isa$xinst 000000  
                       main@flag 0006                       _INTCONbits 000FF2  
        ?_PIN_MANAGER_Initialize 0001      __end_of_EPWM3_LoadDutyValue FF26  
 __end_of_PIN_MANAGER_Initialize FF6A  
